 
****************************************
Report : area
Design : top
Version: V-2023.12-SP5
Date   : Thu Mar 20 17:58:07 2025
****************************************

Information: Updating design information... (UID-85)
Warning: Design 'top' contains 2 high-fanout nets. A fanout number of 1000 will be used for delay calculations involving these nets. (TIM-134)
Library(s) Used:

    asap7sc7p5t_OA_RVT_TT_nldm_211120 (File: /filespace/i/imoondra/MS3/NLDM/asap7sc7p5t_OA_RVT_TT_nldm_211120.db)
    asap7sc7p5t_INVBUF_RVT_TT_nldm_211120 (File: /filespace/i/imoondra/MS3/NLDM/asap7sc7p5t_INVBUF_RVT_TT_nldm_211120.db)
    asap7sc7p5t_SIMPLE_RVT_TT_nldm_211120 (File: /filespace/i/imoondra/MS3/NLDM/asap7sc7p5t_SIMPLE_RVT_TT_nldm_211120.db)
    asap7sc7p5t_AO_RVT_TT_nldm_211120 (File: /filespace/i/imoondra/MS3/NLDM/asap7sc7p5t_AO_RVT_TT_nldm_211120.db)
    asap7sc7p5t_SEQ_RVT_TT_nldm_220123 (File: /filespace/i/imoondra/MS3/NLDM/asap7sc7p5t_SEQ_RVT_TT_nldm_220123.db)

Number of ports:                          379
Number of nets:                         42297
Number of cells:                        40347
Number of combinational cells:          38375
Number of sequential cells:              1972
Number of macros/black boxes:               0
Number of buf/inv:                      11730
Number of references:                     129

Combinational area:               3235.579008
Buf/Inv area:                      564.318907
Noncombinational area:             747.195835
Macro/Black Box area:                0.000000
Net Interconnect area:      undefined  (No wire load specified)

Total cell area:                  3982.774843
Total area:                 undefined

Hierarchical area distribution
------------------------------

                                  Global cell area          Local cell area
                                  ------------------  ---------------------------- 
Hierarchical cell                 Absolute   Percent  Combi-     Noncombi-  Black-
                                  Total      Total    national   national   boxes   Design
--------------------------------  ---------  -------  ---------  ---------  ------  ---------
top                               3982.7748    100.0  3235.5790   747.1958  0.0000  top
--------------------------------  ---------  -------  ---------  ---------  ------  ---------
Total                                                 3235.5790   747.1958  0.0000

1
