Information: Propagating switching activity (high effort zero delay simulation). (PWR-6)
Warning: Design has unannotated primary inputs. (PWR-414)
Warning: Design has unannotated sequential cell outputs. (PWR-415)
 
****************************************
Report : power
        -analysis_effort high
Design : top
Version: V-2023.12-SP5
Date   : Thu Mar 20 17:58:14 2025
****************************************


Library(s) Used:

    asap7sc7p5t_OA_RVT_TT_nldm_211120 (File: /filespace/i/imoondra/MS3/NLDM/asap7sc7p5t_OA_RVT_TT_nldm_211120.db)
    asap7sc7p5t_INVBUF_RVT_TT_nldm_211120 (File: /filespace/i/imoondra/MS3/NLDM/asap7sc7p5t_INVBUF_RVT_TT_nldm_211120.db)
    asap7sc7p5t_SIMPLE_RVT_TT_nldm_211120 (File: /filespace/i/imoondra/MS3/NLDM/asap7sc7p5t_SIMPLE_RVT_TT_nldm_211120.db)
    asap7sc7p5t_AO_RVT_TT_nldm_211120 (File: /filespace/i/imoondra/MS3/NLDM/asap7sc7p5t_AO_RVT_TT_nldm_211120.db)
    asap7sc7p5t_SEQ_RVT_TT_nldm_220123 (File: /filespace/i/imoondra/MS3/NLDM/asap7sc7p5t_SEQ_RVT_TT_nldm_220123.db)


Operating Conditions: PVT_0P7V_25C   Library: asap7sc7p5t_AO_RVT_TT_nldm_211120
Wire Load Model Mode: segmented

Design        Wire Load Model            Library
------------------------------------------------


Global Operating Voltage = 0.7  
Power-specific unit information :
    Voltage Units = 1V
    Capacitance Units = 1.000000ff
    Time Units = 1ps
    Dynamic Power Units = 1mW    (derived from V,C,T units)
    Leakage Power Units = 1pW


Attributes
----------
i - Including register clock pin internal power


  Cell Internal Power  =   4.7960 mW   (72%)
  Net Switching Power  =   1.8221 mW   (28%)
                         ---------
Total Dynamic Power    =   6.6181 mW  (100%)

Cell Leakage Power     =   3.8126 uW


                 Internal         Switching           Leakage            Total
Power Group      Power            Power               Power              Power   (   %    )  Attrs
--------------------------------------------------------------------------------------------------
io_pad             0.0000            0.0000            0.0000            0.0000  (   0.00%)
memory             0.0000            0.0000            0.0000            0.0000  (   0.00%)
black_box          0.0000            0.0000            0.0000            0.0000  (   0.00%)
clock_network      3.4152            0.0000            0.0000            3.4152  (  51.57%)  i
register           0.3103            0.1260        5.4948e+05            0.4368  (   6.60%)
sequential         0.0000            0.0000            0.0000            0.0000  (   0.00%)
combinational      1.0705            1.6961        3.2631e+06            2.7698  (  41.83%)
--------------------------------------------------------------------------------------------------
Total              4.7959 mW         1.8221 mW     3.8126e+06 pW         6.6218 mW
1
