###############################################################
#  Generated by:      Cadence Innovus 21.17-s075_1
#  OS:                Linux x86_64(Host ID tux-116)
#  Generated on:      Tue Apr  8 18:46:49 2025
#  Design:            top
#  Command:           report_timing > ./reports/post_route.timing.rpt
###############################################################
Path 1: MET Late External Delay Assertion 
Endpoint:   out1_node3[18]             (v) checked with  leading edge of 'clk'
Beginpoint: n3_out/iN9/r3_ff_reg[0]/QN (v) triggered by  leading edge of 'clk'
Path Groups: {clk}
Analysis View: view_tc
Other End Arrival Time          0.000
- External Delay                0.100
+ Phase Shift                 690.000
= Required Time               689.890
- Arrival Time                669.290
= Slack Time                   20.600
     Clock Rise Edge                 0.000
     + Clock Network Latency (Prop)  1.590
     = Beginpoint Arrival Time       1.590
     +----------------------------------------------------------------------------------------------------+ 
     |        Instance         |       Arc        |          Cell           |  Delay | Arrival | Required | 
     |                         |                  |                         |        |  Time   |   Time   | 
     |-------------------------+------------------+-------------------------+--------+---------+----------| 
     | n3_out/iN9/r3_ff_reg[0] | CLK ^            |                         |        |   1.590 |   22.190 | 
     | n3_out/iN9/r3_ff_reg[0] | CLK ^ -> QN v    | DFFASRHQNx1_ASAP7_75t_R | 75.300 |  76.890 |   97.490 | 
     | U982                    | A v -> Y ^       | NAND2x1p5_ASAP7_75t_R   | 26.900 | 103.790 |  124.390 | 
     | U48780                  | A1 ^ -> Y v      | OAI21xp5_ASAP7_75t_R    | 26.700 | 130.490 |  151.090 | 
     | U31399                  | A v -> Y ^       | NOR2xp33_ASAP7_75t_R    | 26.000 | 156.490 |  177.090 | 
     | FE_RC_18058_0           | A2 ^ -> Y v      | OAI21x1_ASAP7_75t_R     | 20.400 | 176.890 |  197.490 | 
     | U17157                  | B v -> Y ^       | NAND3xp33_ASAP7_75t_R   | 17.600 | 194.490 |  215.090 | 
     | FE_RC_22186_0           | A ^ -> Y v       | INVxp67_ASAP7_75t_R     | 11.500 | 205.990 |  226.590 | 
     | FE_RC_22182_0           | B2 v -> Y ^      | AOI22xp5_ASAP7_75t_R    | 15.700 | 221.690 |  242.290 | 
     | FE_RC_22181_0           | B ^ -> Y v       | NAND2xp5_ASAP7_75t_R    | 25.600 | 247.290 |  267.890 | 
     | U35785                  | B v -> Y ^       | O2A1O1Ixp33_ASAP7_75t_R | 40.800 | 288.090 |  308.690 | 
     | U972                    | A1 ^ -> Y v      | OAI21xp5_ASAP7_75t_R    | 33.300 | 321.390 |  341.990 | 
     | U17154                  | A v -> Y v       | XNOR2xp5_ASAP7_75t_R    | 33.600 | 354.990 |  375.590 | 
     | U950                    | A v -> Y ^       | NAND2xp5_ASAP7_75t_R    | 20.700 | 375.690 |  396.290 | 
     | U16992                  | A ^ -> Y v       | INVx1_ASAP7_75t_R       | 15.000 | 390.690 |  411.290 | 
     | U32253                  | B v -> Y ^       | AOI21xp33_ASAP7_75t_R   | 18.200 | 408.890 |  429.490 | 
     | FE_RC_16542_0           | A ^ -> Y v       | NAND4xp25_ASAP7_75t_R   | 23.400 | 432.290 |  452.890 | 
     | U895                    | B v -> Y ^       | OAI21xp5_ASAP7_75t_R    | 25.800 | 458.090 |  478.690 | 
     | FE_RC_17948_0           | A1 ^ -> Y v      | OAI211xp5_ASAP7_75t_R   | 24.000 | 482.090 |  502.690 | 
     | U16978                  | A v -> Y ^       | INVx1_ASAP7_75t_R       | 13.300 | 495.390 |  515.990 | 
     | U17078                  | B ^ -> Y ^       | AO21x1_ASAP7_75t_R      | 17.000 | 512.390 |  532.990 | 
     | FE_RC_21019_0           | A2 ^ -> Y v      | OAI21xp5_ASAP7_75t_R    | 14.600 | 526.990 |  547.590 | 
     | FE_RC_22335_0           | B1 v -> Y ^      | OAI221xp5_ASAP7_75t_R   | 31.300 | 558.290 |  578.890 | 
     | FE_RC_12500_0           | A ^ -> Y v       | INVx1_ASAP7_75t_R       | 27.700 | 585.990 |  606.590 | 
     | U17068                  | B v -> Y v       | MAJx2_ASAP7_75t_R       | 37.500 | 623.490 |  644.090 | 
     | U17061                  | A v -> SN v      | FAx1_ASAP7_75t_R        | 45.800 | 669.290 |  689.890 | 
     |                         | out1_node3[18] v |                         |  0.000 | 669.290 |  689.890 | 
     +----------------------------------------------------------------------------------------------------+ 

