****************************************
Report : timing
	-path_type full
	-delay_type max
	-max_paths 1
	-sort_by slack
Design : top
Version: V-2023.12-SP5
Date   : Thu May  1 18:18:18 2025
****************************************


  Startpoint: w36[0] (input port clocked by clk)
  Endpoint: n0_hidden/iN6/r3_ff_reg[10]
               (rising edge-triggered flip-flop clocked by clk)
  Path Group: clk
  Path Type: max

  Point                                                   Incr       Path
  ------------------------------------------------------------------------------
  clock clk (rise edge)                                   0.00       0.00
  clock network delay (ideal)                             0.00       0.00
  input external delay                                    0.10       0.10 f
  w36[0] (in)                                             0.00 &     0.10 f
  FE_PHC7903_w36_0/Y (HB1xp67_ASAP7_75t_R)               76.23 &    76.33 f
  FE_OFC565_w36_0/Y (INVx1_ASAP7_75t_R)                 142.84 &   219.17 r
  U34869/Y (NOR2xp33_ASAP7_75t_R)                        59.85 &   279.02 f
  n0_hidden/iN6/mult_64/S1_2_0/CON (FAx1_ASAP7_75t_R)    33.42 &   312.44 r
  U9777/Y (INVx1_ASAP7_75t_R)                            21.03 &   333.48 f
  n0_hidden/iN6/mult_64/S1_3_0/CON (FAx1_ASAP7_75t_R)    25.77 &   359.25 r
  U9776/Y (INVx1_ASAP7_75t_R)                            21.56 &   380.81 f
  n0_hidden/iN6/mult_64/S1_4_0/CON (FAx1_ASAP7_75t_R)    26.15 &   406.96 r
  U23578/Y (INVx1_ASAP7_75t_R)                           21.21 &   428.17 f
  n0_hidden/iN6/mult_64/S1_5_0/CON (FAx1_ASAP7_75t_R)    30.65 &   458.82 r
  U9773/Y (INVx2_ASAP7_75t_R)                            17.55 &   476.37 f
  FE_RC_14327_0/Y (NOR2x1p5_ASAP7_75t_R)                 17.64 &   494.01 r
  FE_RC_14333_0/Y (NOR2xp67_ASAP7_75t_R)                 23.51 &   517.52 f
  FE_RC_14328_0/Y (OAI22x1_ASAP7_75t_R)                  23.62 &   541.14 r
  U23461/Y (NOR2x1p5_ASAP7_75t_R)                        17.54 &   558.68 f
  U33982/Y (AOI21x1_ASAP7_75t_R)                         29.11 &   587.79 r
  U2066/Y (NAND2x1p5_ASAP7_75t_R)                        18.78 &   606.57 f
  FE_RC_6972_0/Y (OAI21x1_ASAP7_75t_R)                   19.60 &   626.17 r
  FE_RC_14109_0/Y (AOI21x1_ASAP7_75t_R)                  16.28 &   642.45 f
  FE_RC_22909_0/Y (OAI21x1_ASAP7_75t_R)                  16.87 &   659.33 r
  FE_RC_22910_0/Y (INVx2_ASAP7_75t_R)                    15.44 &   674.77 f
  U18049/SN (FAx1_ASAP7_75t_R)                           38.82 &   713.58 r
  FE_OCPC3257_n17350/Y (BUFx3_ASAP7_75t_R)               29.06 &   742.64 r
  n0_hidden/iN6/r3_ff_reg[10]/D (DFFASRHQNx1_ASAP7_75t_R)
                                                          2.13 &   744.77 r
  data arrival time                                                744.77

  clock clk (rise edge)                                 759.00     759.00
  clock network delay (ideal)                             0.00     759.00
  clock reconvergence pessimism                           0.00     759.00
  clock uncertainty                                      -0.01     758.99
  n0_hidden/iN6/r3_ff_reg[10]/CLK (DFFASRHQNx1_ASAP7_75t_R)        758.99 r
  library setup time                                    -13.28     745.71
  data required time                                               745.71
  ------------------------------------------------------------------------------
  data required time                                               745.71
  data arrival time                                               -744.77
  ------------------------------------------------------------------------------
  slack (MET)                                                        0.94


1
